<?xml version="1.0" encoding="UTF-8"?>
<testsuite xmlns:xsi="http://www.w3.org/2001/XMLSchema-instance" xsi:noNamespaceSchemaLocation="https://maven.apache.org/surefire/maven-surefire-plugin/xsd/surefire-test-report-3.0.xsd" version="3.0" name="UnionTest" time="0.155" tests="9" errors="0" skipped="0" failures="0">
  <properties>
[...]
</properties>
  <testcase name="testUnionOfArrays_A1ElementsGreaterA2" classname="UnionTest" time="0.078"/>
  <testcase name="testUnionOfArrays_A1ElementsSmallarA2" classname="UnionTest" time="0.002"/>
  <testcase name="testUnionOfArrays_SameElements" classname="UnionTest" time="0.002"/>
  <testcase name="testUnionOfArrays_NegativePositiveElements" classname="UnionTest" time="0.002"/>
  <testcase name="testUnionOfArrays_EmptyArray" classname="UnionTest" time="0.001"/>
  <testcase name="testUnionOfArrays_RandomValues" classname="UnionTest" time="0.002"/>
  <testcase name="testUnionOfArrays_NegativeElements" classname="UnionTest" time="0.001"/>
  <testcase name="testUnionWithNullArray" classname="UnionTest" time="0.002">
    <system-out><![CDATA[null
]]></system-out>
  </testcase>
  <testcase name="testUnionOfArrays_A2ElementsGreaterA1" classname="UnionTest" time="0.002"/>
</testsuite>