<?xml version="1.0" encoding="UTF-8"?>
<testsuite xmlns:xsi="http://www.w3.org/2001/XMLSchema-instance" xsi:noNamespaceSchemaLocation="https://maven.apache.org/surefire/maven-surefire-plugin/xsd/surefire-test-report-3.0.xsd" version="3.0" name="MinQueueTest" time="0.155" tests="8" errors="0" skipped="0" failures="0">
  <properties>
[...]
</properties>
  <testcase name="testEnqueue" classname="MinQueueTest" time="0.095"/>
  <testcase name="testEnqueueOneElement" classname="MinQueueTest" time="0.002"/>
  <testcase name="testTopWhenQueueIsEmpty" classname="MinQueueTest" time="0.002">
    <system-out><![CDATA[Queue is empty
]]></system-out>
  </testcase>
  <testcase name="testEnqueueFullQueue" classname="MinQueueTest" time="0.004"/>
  <testcase name="testTop" classname="MinQueueTest" time="0.003"/>
  <testcase name="testDequeue" classname="MinQueueTest" time="0.002"/>
  <testcase name="testDequeueEmptyQueue" classname="MinQueueTest" time="0.002"/>
  <testcase name="testEnqueueNegativeElement" classname="MinQueueTest" time="0.001"/>
</testsuite>